Compiling the C compiler identification source file "CMakeCCompilerId.c" failed.
Compiler: /Library/Developer/CommandLineTools/usr/bin/cc 
Build flags: 
Id flags:  

The output was:
1
ld: library not found for -lSystem
clang: error: linker command failed with exit code 1 (use -v to see invocation)


Compiling the CXX compiler identification source file "CMakeCXXCompilerId.cpp" failed.
Compiler: /Library/Developer/CommandLineTools/usr/bin/c++ 
Build flags: 
Id flags:  

The output was:
1
ld: library not found for -lc++
clang: error: linker command failed with exit code 1 (use -v to see invocation)


Determining if the function __infinity exists failed with the following output:
Change Dir: /Users/cheese/Src/CSrc/mysql-connector-c-6.1.11-src/cmake-build-debug/CMakeFiles/CMakeTmp

Run Build Command(s):/Applications/CLion.app/Contents/bin/ninja/mac/ninja cmTC_fe4fd && [1/2] Building C object CMakeFiles/cmTC_fe4fd.dir/CheckFunctionExists.c.o
[2/2] Linking C executable cmTC_fe4fd
FAILED: cmTC_fe4fd 
: && /Library/Developer/CommandLineTools/usr/bin/cc -DCHECK_FUNCTION_EXISTS=__infinity -arch arm64 -isysroot /Library/Developer/CommandLineTools/SDKs/MacOSX12.3.sdk -mmacosx-version-min=12.1 -Wl,-search_paths_first -Wl,-headerpad_max_install_names  CMakeFiles/cmTC_fe4fd.dir/CheckFunctionExists.c.o -o cmTC_fe4fd   && :
Undefined symbols for architecture arm64:
  "___infinity", referenced from:
      _main in CheckFunctionExists.c.o
ld: symbol(s) not found for architecture arm64
clang: error: linker command failed with exit code 1 (use -v to see invocation)
ninja: build stopped: subcommand failed.



Determining if the function __infinity exists in the m failed with the following output:
Change Dir: /Users/cheese/Src/CSrc/mysql-connector-c-6.1.11-src/cmake-build-debug/CMakeFiles/CMakeTmp

Run Build Command(s):/Applications/CLion.app/Contents/bin/ninja/mac/ninja cmTC_de661 && [1/2] Building C object CMakeFiles/cmTC_de661.dir/CheckFunctionExists.c.o
[2/2] Linking C executable cmTC_de661
FAILED: cmTC_de661 
: && /Library/Developer/CommandLineTools/usr/bin/cc -DCHECK_FUNCTION_EXISTS=__infinity -arch arm64 -isysroot /Library/Developer/CommandLineTools/SDKs/MacOSX12.3.sdk -mmacosx-version-min=12.1 -Wl,-search_paths_first -Wl,-headerpad_max_install_names  CMakeFiles/cmTC_de661.dir/CheckFunctionExists.c.o -o cmTC_de661  -lm && :
Undefined symbols for architecture arm64:
  "___infinity", referenced from:
      _main in CheckFunctionExists.c.o
ld: symbol(s) not found for architecture arm64
clang: error: linker command failed with exit code 1 (use -v to see invocation)
ninja: build stopped: subcommand failed.



Determining if the function gethostbyname_r exists failed with the following output:
Change Dir: /Users/cheese/Src/CSrc/mysql-connector-c-6.1.11-src/cmake-build-debug/CMakeFiles/CMakeTmp

Run Build Command(s):/Applications/CLion.app/Contents/bin/ninja/mac/ninja cmTC_32bdc && [1/2] Building C object CMakeFiles/cmTC_32bdc.dir/CheckFunctionExists.c.o
[2/2] Linking C executable cmTC_32bdc
FAILED: cmTC_32bdc 
: && /Library/Developer/CommandLineTools/usr/bin/cc -DCHECK_FUNCTION_EXISTS=gethostbyname_r -arch arm64 -isysroot /Library/Developer/CommandLineTools/SDKs/MacOSX12.3.sdk -mmacosx-version-min=12.1 -Wl,-search_paths_first -Wl,-headerpad_max_install_names  CMakeFiles/cmTC_32bdc.dir/CheckFunctionExists.c.o -o cmTC_32bdc   && :
Undefined symbols for architecture arm64:
  "_gethostbyname_r", referenced from:
      _main in CheckFunctionExists.c.o
ld: symbol(s) not found for architecture arm64
clang: error: linker command failed with exit code 1 (use -v to see invocation)
ninja: build stopped: subcommand failed.



Determining if the function gethostbyname_r exists in the nsl_r failed with the following output:
Change Dir: /Users/cheese/Src/CSrc/mysql-connector-c-6.1.11-src/cmake-build-debug/CMakeFiles/CMakeTmp

Run Build Command(s):/Applications/CLion.app/Contents/bin/ninja/mac/ninja cmTC_3bb4a && [1/2] Building C object CMakeFiles/cmTC_3bb4a.dir/CheckFunctionExists.c.o
[2/2] Linking C executable cmTC_3bb4a
FAILED: cmTC_3bb4a 
: && /Library/Developer/CommandLineTools/usr/bin/cc -DCHECK_FUNCTION_EXISTS=gethostbyname_r -arch arm64 -isysroot /Library/Developer/CommandLineTools/SDKs/MacOSX12.3.sdk -mmacosx-version-min=12.1 -Wl,-search_paths_first -Wl,-headerpad_max_install_names  CMakeFiles/cmTC_3bb4a.dir/CheckFunctionExists.c.o -o cmTC_3bb4a  -lnsl_r && :
ld: library not found for -lnsl_r
clang: error: linker command failed with exit code 1 (use -v to see invocation)
ninja: build stopped: subcommand failed.



Determining if the function gethostbyname_r exists in the nsl failed with the following output:
Change Dir: /Users/cheese/Src/CSrc/mysql-connector-c-6.1.11-src/cmake-build-debug/CMakeFiles/CMakeTmp

Run Build Command(s):/Applications/CLion.app/Contents/bin/ninja/mac/ninja cmTC_d3388 && [1/2] Building C object CMakeFiles/cmTC_d3388.dir/CheckFunctionExists.c.o
[2/2] Linking C executable cmTC_d3388
FAILED: cmTC_d3388 
: && /Library/Developer/CommandLineTools/usr/bin/cc -DCHECK_FUNCTION_EXISTS=gethostbyname_r -arch arm64 -isysroot /Library/Developer/CommandLineTools/SDKs/MacOSX12.3.sdk -mmacosx-version-min=12.1 -Wl,-search_paths_first -Wl,-headerpad_max_install_names  CMakeFiles/cmTC_d3388.dir/CheckFunctionExists.c.o -o cmTC_d3388  -lnsl && :
ld: library not found for -lnsl
clang: error: linker command failed with exit code 1 (use -v to see invocation)
ninja: build stopped: subcommand failed.



Determining if the function timer_create exists failed with the following output:
Change Dir: /Users/cheese/Src/CSrc/mysql-connector-c-6.1.11-src/cmake-build-debug/CMakeFiles/CMakeTmp

Run Build Command(s):/Applications/CLion.app/Contents/bin/ninja/mac/ninja cmTC_5c9cd && [1/2] Building C object CMakeFiles/cmTC_5c9cd.dir/CheckFunctionExists.c.o
[2/2] Linking C executable cmTC_5c9cd
FAILED: cmTC_5c9cd 
: && /Library/Developer/CommandLineTools/usr/bin/cc -DCHECK_FUNCTION_EXISTS=timer_create -arch arm64 -isysroot /Library/Developer/CommandLineTools/SDKs/MacOSX12.3.sdk -mmacosx-version-min=12.1 -Wl,-search_paths_first -Wl,-headerpad_max_install_names  CMakeFiles/cmTC_5c9cd.dir/CheckFunctionExists.c.o -o cmTC_5c9cd   && :
Undefined symbols for architecture arm64:
  "_timer_create", referenced from:
      _main in CheckFunctionExists.c.o
ld: symbol(s) not found for architecture arm64
clang: error: linker command failed with exit code 1 (use -v to see invocation)
ninja: build stopped: subcommand failed.



Determining if the function timer_create exists in the rt failed with the following output:
Change Dir: /Users/cheese/Src/CSrc/mysql-connector-c-6.1.11-src/cmake-build-debug/CMakeFiles/CMakeTmp

Run Build Command(s):/Applications/CLion.app/Contents/bin/ninja/mac/ninja cmTC_a8f6f && [1/2] Building C object CMakeFiles/cmTC_a8f6f.dir/CheckFunctionExists.c.o
[2/2] Linking C executable cmTC_a8f6f
FAILED: cmTC_a8f6f 
: && /Library/Developer/CommandLineTools/usr/bin/cc -DCHECK_FUNCTION_EXISTS=timer_create -arch arm64 -isysroot /Library/Developer/CommandLineTools/SDKs/MacOSX12.3.sdk -mmacosx-version-min=12.1 -Wl,-search_paths_first -Wl,-headerpad_max_install_names  CMakeFiles/cmTC_a8f6f.dir/CheckFunctionExists.c.o -o cmTC_a8f6f  -lrt && :
ld: library not found for -lrt
clang: error: linker command failed with exit code 1 (use -v to see invocation)
ninja: build stopped: subcommand failed.



Determining if files fpu_control.h exist failed with the following output:
Change Dir: /Users/cheese/Src/CSrc/mysql-connector-c-6.1.11-src/cmake-build-debug/CMakeFiles/CMakeTmp

Run Build Command(s):/Applications/CLion.app/Contents/bin/ninja/mac/ninja cmTC_0dad8 && [1/2] Building C object CMakeFiles/cmTC_0dad8.dir/HAVE_FPU_CONTROL_H.c.o
FAILED: CMakeFiles/cmTC_0dad8.dir/HAVE_FPU_CONTROL_H.c.o 
/Library/Developer/CommandLineTools/usr/bin/cc   -arch arm64 -isysroot /Library/Developer/CommandLineTools/SDKs/MacOSX12.3.sdk -mmacosx-version-min=12.1 -MD -MT CMakeFiles/cmTC_0dad8.dir/HAVE_FPU_CONTROL_H.c.o -MF CMakeFiles/cmTC_0dad8.dir/HAVE_FPU_CONTROL_H.c.o.d -o CMakeFiles/cmTC_0dad8.dir/HAVE_FPU_CONTROL_H.c.o -c /Users/cheese/Src/CSrc/mysql-connector-c-6.1.11-src/cmake-build-debug/CMakeFiles/CheckIncludeFiles/HAVE_FPU_CONTROL_H.c
/Users/cheese/Src/CSrc/mysql-connector-c-6.1.11-src/cmake-build-debug/CMakeFiles/CheckIncludeFiles/HAVE_FPU_CONTROL_H.c:2:10: fatal error: 'fpu_control.h' file not found
#include <fpu_control.h>
         ^~~~~~~~~~~~~~~
1 error generated.
ninja: build stopped: subcommand failed.


Source:
/* */
#include <fpu_control.h>


int main(void){return 0;}

Determining if files ieeefp.h exist failed with the following output:
Change Dir: /Users/cheese/Src/CSrc/mysql-connector-c-6.1.11-src/cmake-build-debug/CMakeFiles/CMakeTmp

Run Build Command(s):/Applications/CLion.app/Contents/bin/ninja/mac/ninja cmTC_7c661 && [1/2] Building C object CMakeFiles/cmTC_7c661.dir/HAVE_IEEEFP_H.c.o
FAILED: CMakeFiles/cmTC_7c661.dir/HAVE_IEEEFP_H.c.o 
/Library/Developer/CommandLineTools/usr/bin/cc   -arch arm64 -isysroot /Library/Developer/CommandLineTools/SDKs/MacOSX12.3.sdk -mmacosx-version-min=12.1 -MD -MT CMakeFiles/cmTC_7c661.dir/HAVE_IEEEFP_H.c.o -MF CMakeFiles/cmTC_7c661.dir/HAVE_IEEEFP_H.c.o.d -o CMakeFiles/cmTC_7c661.dir/HAVE_IEEEFP_H.c.o -c /Users/cheese/Src/CSrc/mysql-connector-c-6.1.11-src/cmake-build-debug/CMakeFiles/CheckIncludeFiles/HAVE_IEEEFP_H.c
/Users/cheese/Src/CSrc/mysql-connector-c-6.1.11-src/cmake-build-debug/CMakeFiles/CheckIncludeFiles/HAVE_IEEEFP_H.c:2:10: fatal error: 'ieeefp.h' file not found
#include <ieeefp.h>
         ^~~~~~~~~~
1 error generated.
ninja: build stopped: subcommand failed.


Source:
/* */
#include <ieeefp.h>


int main(void){return 0;}

Determining if files malloc.h exist failed with the following output:
Change Dir: /Users/cheese/Src/CSrc/mysql-connector-c-6.1.11-src/cmake-build-debug/CMakeFiles/CMakeTmp

Run Build Command(s):/Applications/CLion.app/Contents/bin/ninja/mac/ninja cmTC_dca1a && [1/2] Building C object CMakeFiles/cmTC_dca1a.dir/HAVE_MALLOC_H.c.o
FAILED: CMakeFiles/cmTC_dca1a.dir/HAVE_MALLOC_H.c.o 
/Library/Developer/CommandLineTools/usr/bin/cc   -arch arm64 -isysroot /Library/Developer/CommandLineTools/SDKs/MacOSX12.3.sdk -mmacosx-version-min=12.1 -MD -MT CMakeFiles/cmTC_dca1a.dir/HAVE_MALLOC_H.c.o -MF CMakeFiles/cmTC_dca1a.dir/HAVE_MALLOC_H.c.o.d -o CMakeFiles/cmTC_dca1a.dir/HAVE_MALLOC_H.c.o -c /Users/cheese/Src/CSrc/mysql-connector-c-6.1.11-src/cmake-build-debug/CMakeFiles/CheckIncludeFiles/HAVE_MALLOC_H.c
/Users/cheese/Src/CSrc/mysql-connector-c-6.1.11-src/cmake-build-debug/CMakeFiles/CheckIncludeFiles/HAVE_MALLOC_H.c:2:10: fatal error: 'malloc.h' file not found
#include <malloc.h>
         ^~~~~~~~~~
1 error generated.
ninja: build stopped: subcommand failed.


Source:
/* */
#include <malloc.h>


int main(void){return 0;}

Determining if files termio.h exist failed with the following output:
Change Dir: /Users/cheese/Src/CSrc/mysql-connector-c-6.1.11-src/cmake-build-debug/CMakeFiles/CMakeTmp

Run Build Command(s):/Applications/CLion.app/Contents/bin/ninja/mac/ninja cmTC_cd5ea && [1/2] Building C object CMakeFiles/cmTC_cd5ea.dir/HAVE_TERMIO_H.c.o
FAILED: CMakeFiles/cmTC_cd5ea.dir/HAVE_TERMIO_H.c.o 
/Library/Developer/CommandLineTools/usr/bin/cc   -arch arm64 -isysroot /Library/Developer/CommandLineTools/SDKs/MacOSX12.3.sdk -mmacosx-version-min=12.1 -MD -MT CMakeFiles/cmTC_cd5ea.dir/HAVE_TERMIO_H.c.o -MF CMakeFiles/cmTC_cd5ea.dir/HAVE_TERMIO_H.c.o.d -o CMakeFiles/cmTC_cd5ea.dir/HAVE_TERMIO_H.c.o -c /Users/cheese/Src/CSrc/mysql-connector-c-6.1.11-src/cmake-build-debug/CMakeFiles/CheckIncludeFiles/HAVE_TERMIO_H.c
/Users/cheese/Src/CSrc/mysql-connector-c-6.1.11-src/cmake-build-debug/CMakeFiles/CheckIncludeFiles/HAVE_TERMIO_H.c:2:10: fatal error: 'termio.h' file not found
#include <termio.h>
         ^~~~~~~~~~
1 error generated.
ninja: build stopped: subcommand failed.


Source:
/* */
#include <termio.h>


int main(void){return 0;}

Determining if files sys/devpoll.h exist failed with the following output:
Change Dir: /Users/cheese/Src/CSrc/mysql-connector-c-6.1.11-src/cmake-build-debug/CMakeFiles/CMakeTmp

Run Build Command(s):/Applications/CLion.app/Contents/bin/ninja/mac/ninja cmTC_f8010 && [1/2] Building C object CMakeFiles/cmTC_f8010.dir/HAVE_DEVPOLL.c.o
FAILED: CMakeFiles/cmTC_f8010.dir/HAVE_DEVPOLL.c.o 
/Library/Developer/CommandLineTools/usr/bin/cc   -arch arm64 -isysroot /Library/Developer/CommandLineTools/SDKs/MacOSX12.3.sdk -mmacosx-version-min=12.1 -MD -MT CMakeFiles/cmTC_f8010.dir/HAVE_DEVPOLL.c.o -MF CMakeFiles/cmTC_f8010.dir/HAVE_DEVPOLL.c.o.d -o CMakeFiles/cmTC_f8010.dir/HAVE_DEVPOLL.c.o -c /Users/cheese/Src/CSrc/mysql-connector-c-6.1.11-src/cmake-build-debug/CMakeFiles/CheckIncludeFiles/HAVE_DEVPOLL.c
/Users/cheese/Src/CSrc/mysql-connector-c-6.1.11-src/cmake-build-debug/CMakeFiles/CheckIncludeFiles/HAVE_DEVPOLL.c:2:10: fatal error: 'sys/devpoll.h' file not found
#include <sys/devpoll.h>
         ^~~~~~~~~~~~~~~
1 error generated.
ninja: build stopped: subcommand failed.


Source:
/* */
#include <sys/devpoll.h>


int main(void){return 0;}

Determining if files sys/epoll.h exist failed with the following output:
Change Dir: /Users/cheese/Src/CSrc/mysql-connector-c-6.1.11-src/cmake-build-debug/CMakeFiles/CMakeTmp

Run Build Command(s):/Applications/CLion.app/Contents/bin/ninja/mac/ninja cmTC_24ed2 && [1/2] Building C object CMakeFiles/cmTC_24ed2.dir/HAVE_SYS_EPOLL_H.c.o
FAILED: CMakeFiles/cmTC_24ed2.dir/HAVE_SYS_EPOLL_H.c.o 
/Library/Developer/CommandLineTools/usr/bin/cc   -arch arm64 -isysroot /Library/Developer/CommandLineTools/SDKs/MacOSX12.3.sdk -mmacosx-version-min=12.1 -MD -MT CMakeFiles/cmTC_24ed2.dir/HAVE_SYS_EPOLL_H.c.o -MF CMakeFiles/cmTC_24ed2.dir/HAVE_SYS_EPOLL_H.c.o.d -o CMakeFiles/cmTC_24ed2.dir/HAVE_SYS_EPOLL_H.c.o -c /Users/cheese/Src/CSrc/mysql-connector-c-6.1.11-src/cmake-build-debug/CMakeFiles/CheckIncludeFiles/HAVE_SYS_EPOLL_H.c
/Users/cheese/Src/CSrc/mysql-connector-c-6.1.11-src/cmake-build-debug/CMakeFiles/CheckIncludeFiles/HAVE_SYS_EPOLL_H.c:2:10: fatal error: 'sys/epoll.h' file not found
#include <sys/epoll.h>
         ^~~~~~~~~~~~~
1 error generated.
ninja: build stopped: subcommand failed.


Source:
/* */
#include <sys/epoll.h>


int main(void){return 0;}

Determining if the function _aligned_malloc exists failed with the following output:
Change Dir: /Users/cheese/Src/CSrc/mysql-connector-c-6.1.11-src/cmake-build-debug/CMakeFiles/CMakeTmp

Run Build Command(s):/Applications/CLion.app/Contents/bin/ninja/mac/ninja cmTC_e5fc4 && [1/2] Building C object CMakeFiles/cmTC_e5fc4.dir/CheckFunctionExists.c.o
[2/2] Linking C executable cmTC_e5fc4
FAILED: cmTC_e5fc4 
: && /Library/Developer/CommandLineTools/usr/bin/cc -DCHECK_FUNCTION_EXISTS=_aligned_malloc -arch arm64 -isysroot /Library/Developer/CommandLineTools/SDKs/MacOSX12.3.sdk -mmacosx-version-min=12.1 -Wl,-search_paths_first -Wl,-headerpad_max_install_names  CMakeFiles/cmTC_e5fc4.dir/CheckFunctionExists.c.o -o cmTC_e5fc4   && :
Undefined symbols for architecture arm64:
  "__aligned_malloc", referenced from:
      _main in CheckFunctionExists.c.o
ld: symbol(s) not found for architecture arm64
clang: error: linker command failed with exit code 1 (use -v to see invocation)
ninja: build stopped: subcommand failed.



Determining if the function printstack exists failed with the following output:
Change Dir: /Users/cheese/Src/CSrc/mysql-connector-c-6.1.11-src/cmake-build-debug/CMakeFiles/CMakeTmp

Run Build Command(s):/Applications/CLion.app/Contents/bin/ninja/mac/ninja cmTC_ed7ac && [1/2] Building C object CMakeFiles/cmTC_ed7ac.dir/CheckFunctionExists.c.o
[2/2] Linking C executable cmTC_ed7ac
FAILED: cmTC_ed7ac 
: && /Library/Developer/CommandLineTools/usr/bin/cc -DCHECK_FUNCTION_EXISTS=printstack -arch arm64 -isysroot /Library/Developer/CommandLineTools/SDKs/MacOSX12.3.sdk -mmacosx-version-min=12.1 -Wl,-search_paths_first -Wl,-headerpad_max_install_names  CMakeFiles/cmTC_ed7ac.dir/CheckFunctionExists.c.o -o cmTC_ed7ac   && :
Undefined symbols for architecture arm64:
  "_printstack", referenced from:
      _main in CheckFunctionExists.c.o
ld: symbol(s) not found for architecture arm64
clang: error: linker command failed with exit code 1 (use -v to see invocation)
ninja: build stopped: subcommand failed.



Determining if the function cuserid exists failed with the following output:
Change Dir: /Users/cheese/Src/CSrc/mysql-connector-c-6.1.11-src/cmake-build-debug/CMakeFiles/CMakeTmp

Run Build Command(s):/Applications/CLion.app/Contents/bin/ninja/mac/ninja cmTC_713be && [1/2] Building C object CMakeFiles/cmTC_713be.dir/CheckFunctionExists.c.o
[2/2] Linking C executable cmTC_713be
FAILED: cmTC_713be 
: && /Library/Developer/CommandLineTools/usr/bin/cc -DCHECK_FUNCTION_EXISTS=cuserid -arch arm64 -isysroot /Library/Developer/CommandLineTools/SDKs/MacOSX12.3.sdk -mmacosx-version-min=12.1 -Wl,-search_paths_first -Wl,-headerpad_max_install_names  CMakeFiles/cmTC_713be.dir/CheckFunctionExists.c.o -o cmTC_713be   && :
Undefined symbols for architecture arm64:
  "_cuserid", referenced from:
      _main in CheckFunctionExists.c.o
ld: symbol(s) not found for architecture arm64
clang: error: linker command failed with exit code 1 (use -v to see invocation)
ninja: build stopped: subcommand failed.



Determining if the function directio exists failed with the following output:
Change Dir: /Users/cheese/Src/CSrc/mysql-connector-c-6.1.11-src/cmake-build-debug/CMakeFiles/CMakeTmp

Run Build Command(s):/Applications/CLion.app/Contents/bin/ninja/mac/ninja cmTC_0b105 && [1/2] Building C object CMakeFiles/cmTC_0b105.dir/CheckFunctionExists.c.o
[2/2] Linking C executable cmTC_0b105
FAILED: cmTC_0b105 
: && /Library/Developer/CommandLineTools/usr/bin/cc -DCHECK_FUNCTION_EXISTS=directio -arch arm64 -isysroot /Library/Developer/CommandLineTools/SDKs/MacOSX12.3.sdk -mmacosx-version-min=12.1 -Wl,-search_paths_first -Wl,-headerpad_max_install_names  CMakeFiles/cmTC_0b105.dir/CheckFunctionExists.c.o -o cmTC_0b105   && :
Undefined symbols for architecture arm64:
  "_directio", referenced from:
      _main in CheckFunctionExists.c.o
ld: symbol(s) not found for architecture arm64
clang: error: linker command failed with exit code 1 (use -v to see invocation)
ninja: build stopped: subcommand failed.



Determining if the function compress exists failed with the following output:
Change Dir: /Users/cheese/Src/CSrc/mysql-connector-c-6.1.11-src/cmake-build-debug/CMakeFiles/CMakeTmp

Run Build Command(s):/Applications/CLion.app/Contents/bin/ninja/mac/ninja cmTC_a048a && [1/2] Building C object CMakeFiles/cmTC_a048a.dir/CheckFunctionExists.c.o
[2/2] Linking C executable cmTC_a048a
FAILED: cmTC_a048a 
: && /Library/Developer/CommandLineTools/usr/bin/cc -DCHECK_FUNCTION_EXISTS=compress -arch arm64 -isysroot /Library/Developer/CommandLineTools/SDKs/MacOSX12.3.sdk -mmacosx-version-min=12.1 -Wl,-search_paths_first -Wl,-headerpad_max_install_names  CMakeFiles/cmTC_a048a.dir/CheckFunctionExists.c.o -o cmTC_a048a   && :
Undefined symbols for architecture arm64:
  "_compress", referenced from:
      _main in CheckFunctionExists.c.o
ld: symbol(s) not found for architecture arm64
clang: error: linker command failed with exit code 1 (use -v to see invocation)
ninja: build stopped: subcommand failed.



Determining if the fdatasync exist failed with the following output:
Change Dir: /Users/cheese/Src/CSrc/mysql-connector-c-6.1.11-src/cmake-build-debug/CMakeFiles/CMakeTmp

Run Build Command(s):/Applications/CLion.app/Contents/bin/ninja/mac/ninja cmTC_7913a && [1/2] Building C object CMakeFiles/cmTC_7913a.dir/CheckSymbolExists.c.o
FAILED: CMakeFiles/cmTC_7913a.dir/CheckSymbolExists.c.o 
/Library/Developer/CommandLineTools/usr/bin/cc   -arch arm64 -isysroot /Library/Developer/CommandLineTools/SDKs/MacOSX12.3.sdk -mmacosx-version-min=12.1 -MD -MT CMakeFiles/cmTC_7913a.dir/CheckSymbolExists.c.o -MF CMakeFiles/cmTC_7913a.dir/CheckSymbolExists.c.o.d -o CMakeFiles/cmTC_7913a.dir/CheckSymbolExists.c.o -c /Users/cheese/Src/CSrc/mysql-connector-c-6.1.11-src/cmake-build-debug/CMakeFiles/CMakeTmp/CheckSymbolExists.c
/Users/cheese/Src/CSrc/mysql-connector-c-6.1.11-src/cmake-build-debug/CMakeFiles/CMakeTmp/CheckSymbolExists.c:8:19: error: use of undeclared identifier 'fdatasync'
  return ((int*)(&fdatasync))[argc];
                  ^
1 error generated.
ninja: build stopped: subcommand failed.


File /Users/cheese/Src/CSrc/mysql-connector-c-6.1.11-src/cmake-build-debug/CMakeFiles/CMakeTmp/CheckSymbolExists.c:
/* */
#include <unistd.h>

int main(int argc, char** argv)
{
  (void)argv;
#ifndef fdatasync
  return ((int*)(&fdatasync))[argc];
#else
  (void)argc;
  return 0;
#endif
}
Determining if the function fedisableexcept exists failed with the following output:
Change Dir: /Users/cheese/Src/CSrc/mysql-connector-c-6.1.11-src/cmake-build-debug/CMakeFiles/CMakeTmp

Run Build Command(s):/Applications/CLion.app/Contents/bin/ninja/mac/ninja cmTC_0b5a0 && [1/2] Building C object CMakeFiles/cmTC_0b5a0.dir/CheckFunctionExists.c.o
[2/2] Linking C executable cmTC_0b5a0
FAILED: cmTC_0b5a0 
: && /Library/Developer/CommandLineTools/usr/bin/cc -DCHECK_FUNCTION_EXISTS=fedisableexcept -arch arm64 -isysroot /Library/Developer/CommandLineTools/SDKs/MacOSX12.3.sdk -mmacosx-version-min=12.1 -Wl,-search_paths_first -Wl,-headerpad_max_install_names  CMakeFiles/cmTC_0b5a0.dir/CheckFunctionExists.c.o -o cmTC_0b5a0   && :
Undefined symbols for architecture arm64:
  "_fedisableexcept", referenced from:
      _main in CheckFunctionExists.c.o
ld: symbol(s) not found for architecture arm64
clang: error: linker command failed with exit code 1 (use -v to see invocation)
ninja: build stopped: subcommand failed.



Determining if the function gethostbyaddr_r exists failed with the following output:
Change Dir: /Users/cheese/Src/CSrc/mysql-connector-c-6.1.11-src/cmake-build-debug/CMakeFiles/CMakeTmp

Run Build Command(s):/Applications/CLion.app/Contents/bin/ninja/mac/ninja cmTC_1301d && [1/2] Building C object CMakeFiles/cmTC_1301d.dir/CheckFunctionExists.c.o
[2/2] Linking C executable cmTC_1301d
FAILED: cmTC_1301d 
: && /Library/Developer/CommandLineTools/usr/bin/cc -DCHECK_FUNCTION_EXISTS=gethostbyaddr_r -arch arm64 -isysroot /Library/Developer/CommandLineTools/SDKs/MacOSX12.3.sdk -mmacosx-version-min=12.1 -Wl,-search_paths_first -Wl,-headerpad_max_install_names  CMakeFiles/cmTC_1301d.dir/CheckFunctionExists.c.o -o cmTC_1301d   && :
Undefined symbols for architecture arm64:
  "_gethostbyaddr_r", referenced from:
      _main in CheckFunctionExists.c.o
ld: symbol(s) not found for architecture arm64
clang: error: linker command failed with exit code 1 (use -v to see invocation)
ninja: build stopped: subcommand failed.



Determining if the function gethrtime exists failed with the following output:
Change Dir: /Users/cheese/Src/CSrc/mysql-connector-c-6.1.11-src/cmake-build-debug/CMakeFiles/CMakeTmp

Run Build Command(s):/Applications/CLion.app/Contents/bin/ninja/mac/ninja cmTC_e881e && [1/2] Building C object CMakeFiles/cmTC_e881e.dir/CheckFunctionExists.c.o
[2/2] Linking C executable cmTC_e881e
FAILED: cmTC_e881e 
: && /Library/Developer/CommandLineTools/usr/bin/cc -DCHECK_FUNCTION_EXISTS=gethrtime -arch arm64 -isysroot /Library/Developer/CommandLineTools/SDKs/MacOSX12.3.sdk -mmacosx-version-min=12.1 -Wl,-search_paths_first -Wl,-headerpad_max_install_names  CMakeFiles/cmTC_e881e.dir/CheckFunctionExists.c.o -o cmTC_e881e   && :
Undefined symbols for architecture arm64:
  "_gethrtime", referenced from:
      _main in CheckFunctionExists.c.o
ld: symbol(s) not found for architecture arm64
clang: error: linker command failed with exit code 1 (use -v to see invocation)
ninja: build stopped: subcommand failed.



Determining if the function getpassphrase exists failed with the following output:
Change Dir: /Users/cheese/Src/CSrc/mysql-connector-c-6.1.11-src/cmake-build-debug/CMakeFiles/CMakeTmp

Run Build Command(s):/Applications/CLion.app/Contents/bin/ninja/mac/ninja cmTC_96bdd && [1/2] Building C object CMakeFiles/cmTC_96bdd.dir/CheckFunctionExists.c.o
[2/2] Linking C executable cmTC_96bdd
FAILED: cmTC_96bdd 
: && /Library/Developer/CommandLineTools/usr/bin/cc -DCHECK_FUNCTION_EXISTS=getpassphrase -arch arm64 -isysroot /Library/Developer/CommandLineTools/SDKs/MacOSX12.3.sdk -mmacosx-version-min=12.1 -Wl,-search_paths_first -Wl,-headerpad_max_install_names  CMakeFiles/cmTC_96bdd.dir/CheckFunctionExists.c.o -o cmTC_96bdd   && :
Undefined symbols for architecture arm64:
  "_getpassphrase", referenced from:
      _main in CheckFunctionExists.c.o
ld: symbol(s) not found for architecture arm64
clang: error: linker command failed with exit code 1 (use -v to see invocation)
ninja: build stopped: subcommand failed.



Determining if the function malloc_info exists failed with the following output:
Change Dir: /Users/cheese/Src/CSrc/mysql-connector-c-6.1.11-src/cmake-build-debug/CMakeFiles/CMakeTmp

Run Build Command(s):/Applications/CLion.app/Contents/bin/ninja/mac/ninja cmTC_cb601 && [1/2] Building C object CMakeFiles/cmTC_cb601.dir/CheckFunctionExists.c.o
[2/2] Linking C executable cmTC_cb601
FAILED: cmTC_cb601 
: && /Library/Developer/CommandLineTools/usr/bin/cc -DCHECK_FUNCTION_EXISTS=malloc_info -arch arm64 -isysroot /Library/Developer/CommandLineTools/SDKs/MacOSX12.3.sdk -mmacosx-version-min=12.1 -Wl,-search_paths_first -Wl,-headerpad_max_install_names  CMakeFiles/cmTC_cb601.dir/CheckFunctionExists.c.o -o cmTC_cb601   && :
Undefined symbols for architecture arm64:
  "_malloc_info", referenced from:
      _main in CheckFunctionExists.c.o
ld: symbol(s) not found for architecture arm64
clang: error: linker command failed with exit code 1 (use -v to see invocation)
ninja: build stopped: subcommand failed.



Determining if the function memrchr exists failed with the following output:
Change Dir: /Users/cheese/Src/CSrc/mysql-connector-c-6.1.11-src/cmake-build-debug/CMakeFiles/CMakeTmp

Run Build Command(s):/Applications/CLion.app/Contents/bin/ninja/mac/ninja cmTC_71544 && [1/2] Building C object CMakeFiles/cmTC_71544.dir/CheckFunctionExists.c.o
[2/2] Linking C executable cmTC_71544
FAILED: cmTC_71544 
: && /Library/Developer/CommandLineTools/usr/bin/cc -DCHECK_FUNCTION_EXISTS=memrchr -arch arm64 -isysroot /Library/Developer/CommandLineTools/SDKs/MacOSX12.3.sdk -mmacosx-version-min=12.1 -Wl,-search_paths_first -Wl,-headerpad_max_install_names  CMakeFiles/cmTC_71544.dir/CheckFunctionExists.c.o -o cmTC_71544   && :
Undefined symbols for architecture arm64:
  "_memrchr", referenced from:
      _main in CheckFunctionExists.c.o
ld: symbol(s) not found for architecture arm64
clang: error: linker command failed with exit code 1 (use -v to see invocation)
ninja: build stopped: subcommand failed.



Determining if the function mmap64 exists failed with the following output:
Change Dir: /Users/cheese/Src/CSrc/mysql-connector-c-6.1.11-src/cmake-build-debug/CMakeFiles/CMakeTmp

Run Build Command(s):/Applications/CLion.app/Contents/bin/ninja/mac/ninja cmTC_3f6fc && [1/2] Building C object CMakeFiles/cmTC_3f6fc.dir/CheckFunctionExists.c.o
[2/2] Linking C executable cmTC_3f6fc
FAILED: cmTC_3f6fc 
: && /Library/Developer/CommandLineTools/usr/bin/cc -DCHECK_FUNCTION_EXISTS=mmap64 -arch arm64 -isysroot /Library/Developer/CommandLineTools/SDKs/MacOSX12.3.sdk -mmacosx-version-min=12.1 -Wl,-search_paths_first -Wl,-headerpad_max_install_names  CMakeFiles/cmTC_3f6fc.dir/CheckFunctionExists.c.o -o cmTC_3f6fc   && :
Undefined symbols for architecture arm64:
  "_mmap64", referenced from:
      _main in CheckFunctionExists.c.o
ld: symbol(s) not found for architecture arm64
clang: error: linker command failed with exit code 1 (use -v to see invocation)
ninja: build stopped: subcommand failed.



Determining if the function posix_fallocate exists failed with the following output:
Change Dir: /Users/cheese/Src/CSrc/mysql-connector-c-6.1.11-src/cmake-build-debug/CMakeFiles/CMakeTmp

Run Build Command(s):/Applications/CLion.app/Contents/bin/ninja/mac/ninja cmTC_9e123 && [1/2] Building C object CMakeFiles/cmTC_9e123.dir/CheckFunctionExists.c.o
[2/2] Linking C executable cmTC_9e123
FAILED: cmTC_9e123 
: && /Library/Developer/CommandLineTools/usr/bin/cc -DCHECK_FUNCTION_EXISTS=posix_fallocate -arch arm64 -isysroot /Library/Developer/CommandLineTools/SDKs/MacOSX12.3.sdk -mmacosx-version-min=12.1 -Wl,-search_paths_first -Wl,-headerpad_max_install_names  CMakeFiles/cmTC_9e123.dir/CheckFunctionExists.c.o -o cmTC_9e123   && :
Undefined symbols for architecture arm64:
  "_posix_fallocate", referenced from:
      _main in CheckFunctionExists.c.o
ld: symbol(s) not found for architecture arm64
clang: error: linker command failed with exit code 1 (use -v to see invocation)
ninja: build stopped: subcommand failed.



Determining if the function pthread_condattr_setclock exists failed with the following output:
Change Dir: /Users/cheese/Src/CSrc/mysql-connector-c-6.1.11-src/cmake-build-debug/CMakeFiles/CMakeTmp

Run Build Command(s):/Applications/CLion.app/Contents/bin/ninja/mac/ninja cmTC_e7374 && [1/2] Building C object CMakeFiles/cmTC_e7374.dir/CheckFunctionExists.c.o
[2/2] Linking C executable cmTC_e7374
FAILED: cmTC_e7374 
: && /Library/Developer/CommandLineTools/usr/bin/cc -DCHECK_FUNCTION_EXISTS=pthread_condattr_setclock -arch arm64 -isysroot /Library/Developer/CommandLineTools/SDKs/MacOSX12.3.sdk -mmacosx-version-min=12.1 -Wl,-search_paths_first -Wl,-headerpad_max_install_names  CMakeFiles/cmTC_e7374.dir/CheckFunctionExists.c.o -o cmTC_e7374   && :
Undefined symbols for architecture arm64:
  "_pthread_condattr_setclock", referenced from:
      _main in CheckFunctionExists.c.o
ld: symbol(s) not found for architecture arm64
clang: error: linker command failed with exit code 1 (use -v to see invocation)
ninja: build stopped: subcommand failed.



Determining if the function setfd exists failed with the following output:
Change Dir: /Users/cheese/Src/CSrc/mysql-connector-c-6.1.11-src/cmake-build-debug/CMakeFiles/CMakeTmp

Run Build Command(s):/Applications/CLion.app/Contents/bin/ninja/mac/ninja cmTC_1685e && [1/2] Building C object CMakeFiles/cmTC_1685e.dir/CheckFunctionExists.c.o
[2/2] Linking C executable cmTC_1685e
FAILED: cmTC_1685e 
: && /Library/Developer/CommandLineTools/usr/bin/cc -DCHECK_FUNCTION_EXISTS=setfd -arch arm64 -isysroot /Library/Developer/CommandLineTools/SDKs/MacOSX12.3.sdk -mmacosx-version-min=12.1 -Wl,-search_paths_first -Wl,-headerpad_max_install_names  CMakeFiles/cmTC_1685e.dir/CheckFunctionExists.c.o -o cmTC_1685e   && :
Undefined symbols for architecture arm64:
  "_setfd", referenced from:
      _main in CheckFunctionExists.c.o
ld: symbol(s) not found for architecture arm64
clang: error: linker command failed with exit code 1 (use -v to see invocation)
ninja: build stopped: subcommand failed.



Determining if the function tell exists failed with the following output:
Change Dir: /Users/cheese/Src/CSrc/mysql-connector-c-6.1.11-src/cmake-build-debug/CMakeFiles/CMakeTmp

Run Build Command(s):/Applications/CLion.app/Contents/bin/ninja/mac/ninja cmTC_b11fc && [1/2] Building C object CMakeFiles/cmTC_b11fc.dir/CheckFunctionExists.c.o
[2/2] Linking C executable cmTC_b11fc
FAILED: cmTC_b11fc 
: && /Library/Developer/CommandLineTools/usr/bin/cc -DCHECK_FUNCTION_EXISTS=tell -arch arm64 -isysroot /Library/Developer/CommandLineTools/SDKs/MacOSX12.3.sdk -mmacosx-version-min=12.1 -Wl,-search_paths_first -Wl,-headerpad_max_install_names  CMakeFiles/cmTC_b11fc.dir/CheckFunctionExists.c.o -o cmTC_b11fc   && :
Undefined symbols for architecture arm64:
  "_tell", referenced from:
      _main in CheckFunctionExists.c.o
ld: symbol(s) not found for architecture arm64
clang: error: linker command failed with exit code 1 (use -v to see invocation)
ninja: build stopped: subcommand failed.



Determining if the function memalign exists failed with the following output:
Change Dir: /Users/cheese/Src/CSrc/mysql-connector-c-6.1.11-src/cmake-build-debug/CMakeFiles/CMakeTmp

Run Build Command(s):/Applications/CLion.app/Contents/bin/ninja/mac/ninja cmTC_d3fbd && [1/2] Building C object CMakeFiles/cmTC_d3fbd.dir/CheckFunctionExists.c.o
/Applications/CLion.app/Contents/bin/cmake/mac/share/cmake-3.22/Modules/CheckFunctionExists.c:7:3: warning: incompatible redeclaration of library function 'memalign' [-Wincompatible-library-redeclaration]
  CHECK_FUNCTION_EXISTS(void);
  ^
<command line>:1:31: note: expanded from here
#define CHECK_FUNCTION_EXISTS memalign
                              ^
/Applications/CLion.app/Contents/bin/cmake/mac/share/cmake-3.22/Modules/CheckFunctionExists.c:7:3: note: 'memalign' is a builtin with type 'void *(unsigned long, unsigned long)'
<command line>:1:31: note: expanded from here
#define CHECK_FUNCTION_EXISTS memalign
                              ^
1 warning generated.
[2/2] Linking C executable cmTC_d3fbd
FAILED: cmTC_d3fbd 
: && /Library/Developer/CommandLineTools/usr/bin/cc -DCHECK_FUNCTION_EXISTS=memalign -arch arm64 -isysroot /Library/Developer/CommandLineTools/SDKs/MacOSX12.3.sdk -mmacosx-version-min=12.1 -Wl,-search_paths_first -Wl,-headerpad_max_install_names  CMakeFiles/cmTC_d3fbd.dir/CheckFunctionExists.c.o -o cmTC_d3fbd   && :
Undefined symbols for architecture arm64:
  "_memalign", referenced from:
      _main in CheckFunctionExists.c.o
ld: symbol(s) not found for architecture arm64
clang: error: linker command failed with exit code 1 (use -v to see invocation)
ninja: build stopped: subcommand failed.



Determining if the function ntohll exists failed with the following output:
Change Dir: /Users/cheese/Src/CSrc/mysql-connector-c-6.1.11-src/cmake-build-debug/CMakeFiles/CMakeTmp

Run Build Command(s):/Applications/CLion.app/Contents/bin/ninja/mac/ninja cmTC_6b028 && [1/2] Building C object CMakeFiles/cmTC_6b028.dir/CheckFunctionExists.c.o
[2/2] Linking C executable cmTC_6b028
FAILED: cmTC_6b028 
: && /Library/Developer/CommandLineTools/usr/bin/cc -DCHECK_FUNCTION_EXISTS=ntohll -arch arm64 -isysroot /Library/Developer/CommandLineTools/SDKs/MacOSX12.3.sdk -mmacosx-version-min=12.1 -Wl,-search_paths_first -Wl,-headerpad_max_install_names  CMakeFiles/cmTC_6b028.dir/CheckFunctionExists.c.o -o cmTC_6b028   && :
Undefined symbols for architecture arm64:
  "_ntohll", referenced from:
      _main in CheckFunctionExists.c.o
ld: symbol(s) not found for architecture arm64
clang: error: linker command failed with exit code 1 (use -v to see invocation)
ninja: build stopped: subcommand failed.



Determining if the function epoll_create exists failed with the following output:
Change Dir: /Users/cheese/Src/CSrc/mysql-connector-c-6.1.11-src/cmake-build-debug/CMakeFiles/CMakeTmp

Run Build Command(s):/Applications/CLion.app/Contents/bin/ninja/mac/ninja cmTC_285de && [1/2] Building C object CMakeFiles/cmTC_285de.dir/CheckFunctionExists.c.o
[2/2] Linking C executable cmTC_285de
FAILED: cmTC_285de 
: && /Library/Developer/CommandLineTools/usr/bin/cc -DCHECK_FUNCTION_EXISTS=epoll_create -arch arm64 -isysroot /Library/Developer/CommandLineTools/SDKs/MacOSX12.3.sdk -mmacosx-version-min=12.1 -Wl,-search_paths_first -Wl,-headerpad_max_install_names  CMakeFiles/cmTC_285de.dir/CheckFunctionExists.c.o -o cmTC_285de   && :
Undefined symbols for architecture arm64:
  "_epoll_create", referenced from:
      _main in CheckFunctionExists.c.o
ld: symbol(s) not found for architecture arm64
clang: error: linker command failed with exit code 1 (use -v to see invocation)
ninja: build stopped: subcommand failed.



Determining if the SIGEV_THREAD_ID exist failed with the following output:
Change Dir: /Users/cheese/Src/CSrc/mysql-connector-c-6.1.11-src/cmake-build-debug/CMakeFiles/CMakeTmp

Run Build Command(s):/Applications/CLion.app/Contents/bin/ninja/mac/ninja cmTC_f95a8 && [1/2] Building C object CMakeFiles/cmTC_f95a8.dir/CheckSymbolExists.c.o
FAILED: CMakeFiles/cmTC_f95a8.dir/CheckSymbolExists.c.o 
/Library/Developer/CommandLineTools/usr/bin/cc   -arch arm64 -isysroot /Library/Developer/CommandLineTools/SDKs/MacOSX12.3.sdk -mmacosx-version-min=12.1 -MD -MT CMakeFiles/cmTC_f95a8.dir/CheckSymbolExists.c.o -MF CMakeFiles/cmTC_f95a8.dir/CheckSymbolExists.c.o.d -o CMakeFiles/cmTC_f95a8.dir/CheckSymbolExists.c.o -c /Users/cheese/Src/CSrc/mysql-connector-c-6.1.11-src/cmake-build-debug/CMakeFiles/CMakeTmp/CheckSymbolExists.c
/Users/cheese/Src/CSrc/mysql-connector-c-6.1.11-src/cmake-build-debug/CMakeFiles/CMakeTmp/CheckSymbolExists.c:9:19: error: use of undeclared identifier 'SIGEV_THREAD_ID'
  return ((int*)(&SIGEV_THREAD_ID))[argc];
                  ^
1 error generated.
ninja: build stopped: subcommand failed.


File /Users/cheese/Src/CSrc/mysql-connector-c-6.1.11-src/cmake-build-debug/CMakeFiles/CMakeTmp/CheckSymbolExists.c:
/* */
#include <signal.h>
#include <time.h>

int main(int argc, char** argv)
{
  (void)argv;
#ifndef SIGEV_THREAD_ID
  return ((int*)(&SIGEV_THREAD_ID))[argc];
#else
  (void)argc;
  return 0;
#endif
}
Determining if the SIGEV_PORT exist failed with the following output:
Change Dir: /Users/cheese/Src/CSrc/mysql-connector-c-6.1.11-src/cmake-build-debug/CMakeFiles/CMakeTmp

Run Build Command(s):/Applications/CLion.app/Contents/bin/ninja/mac/ninja cmTC_c2097 && [1/2] Building C object CMakeFiles/cmTC_c2097.dir/CheckSymbolExists.c.o
FAILED: CMakeFiles/cmTC_c2097.dir/CheckSymbolExists.c.o 
/Library/Developer/CommandLineTools/usr/bin/cc   -arch arm64 -isysroot /Library/Developer/CommandLineTools/SDKs/MacOSX12.3.sdk -mmacosx-version-min=12.1 -MD -MT CMakeFiles/cmTC_c2097.dir/CheckSymbolExists.c.o -MF CMakeFiles/cmTC_c2097.dir/CheckSymbolExists.c.o.d -o CMakeFiles/cmTC_c2097.dir/CheckSymbolExists.c.o -c /Users/cheese/Src/CSrc/mysql-connector-c-6.1.11-src/cmake-build-debug/CMakeFiles/CMakeTmp/CheckSymbolExists.c
/Users/cheese/Src/CSrc/mysql-connector-c-6.1.11-src/cmake-build-debug/CMakeFiles/CMakeTmp/CheckSymbolExists.c:4:10: fatal error: 'sys/siginfo.h' file not found
#include <sys/siginfo.h>
         ^~~~~~~~~~~~~~~
1 error generated.
ninja: build stopped: subcommand failed.


File /Users/cheese/Src/CSrc/mysql-connector-c-6.1.11-src/cmake-build-debug/CMakeFiles/CMakeTmp/CheckSymbolExists.c:
/* */
#include <signal.h>
#include <time.h>
#include <sys/siginfo.h>

int main(int argc, char** argv)
{
  (void)argv;
#ifndef SIGEV_PORT
  return ((int*)(&SIGEV_PORT))[argc];
#else
  (void)argc;
  return 0;
#endif
}
Determining if the function timer_create exists failed with the following output:
Change Dir: /Users/cheese/Src/CSrc/mysql-connector-c-6.1.11-src/cmake-build-debug/CMakeFiles/CMakeTmp

Run Build Command(s):/Applications/CLion.app/Contents/bin/ninja/mac/ninja cmTC_258ca && [1/2] Building C object CMakeFiles/cmTC_258ca.dir/CheckFunctionExists.c.o
[2/2] Linking C executable cmTC_258ca
FAILED: cmTC_258ca 
: && /Library/Developer/CommandLineTools/usr/bin/cc -DCHECK_FUNCTION_EXISTS=timer_create -arch arm64 -isysroot /Library/Developer/CommandLineTools/SDKs/MacOSX12.3.sdk -mmacosx-version-min=12.1 -Wl,-search_paths_first -Wl,-headerpad_max_install_names  CMakeFiles/cmTC_258ca.dir/CheckFunctionExists.c.o -o cmTC_258ca   && :
Undefined symbols for architecture arm64:
  "_timer_create", referenced from:
      _main in CheckFunctionExists.c.o
ld: symbol(s) not found for architecture arm64
clang: error: linker command failed with exit code 1 (use -v to see invocation)
ninja: build stopped: subcommand failed.



Determining if the function timer_settime exists failed with the following output:
Change Dir: /Users/cheese/Src/CSrc/mysql-connector-c-6.1.11-src/cmake-build-debug/CMakeFiles/CMakeTmp

Run Build Command(s):/Applications/CLion.app/Contents/bin/ninja/mac/ninja cmTC_68a8c && [1/2] Building C object CMakeFiles/cmTC_68a8c.dir/CheckFunctionExists.c.o
[2/2] Linking C executable cmTC_68a8c
FAILED: cmTC_68a8c 
: && /Library/Developer/CommandLineTools/usr/bin/cc -DCHECK_FUNCTION_EXISTS=timer_settime -arch arm64 -isysroot /Library/Developer/CommandLineTools/SDKs/MacOSX12.3.sdk -mmacosx-version-min=12.1 -Wl,-search_paths_first -Wl,-headerpad_max_install_names  CMakeFiles/cmTC_68a8c.dir/CheckFunctionExists.c.o -o cmTC_68a8c   && :
Undefined symbols for architecture arm64:
  "_timer_settime", referenced from:
      _main in CheckFunctionExists.c.o
ld: symbol(s) not found for architecture arm64
clang: error: linker command failed with exit code 1 (use -v to see invocation)
ninja: build stopped: subcommand failed.



Determining size of ulong failed with the following output:
Change Dir: /Users/cheese/Src/CSrc/mysql-connector-c-6.1.11-src/cmake-build-debug/CMakeFiles/CMakeTmp

Run Build Command(s):/Applications/CLion.app/Contents/bin/ninja/mac/ninja cmTC_6d04a && [1/2] Building C object CMakeFiles/cmTC_6d04a.dir/SIZEOF_ULONG.c.o
FAILED: CMakeFiles/cmTC_6d04a.dir/SIZEOF_ULONG.c.o 
/Library/Developer/CommandLineTools/usr/bin/cc -D_FILE_OFFSET_BITS=64 -D_LARGEFILE_SOURCE -D_LARGE_FILES -D__STDC_CONSTANT_MACROS -D__STDC_FORMAT_MACROS -D__STDC_LIMIT_MACROS  -arch arm64 -isysroot /Library/Developer/CommandLineTools/SDKs/MacOSX12.3.sdk -mmacosx-version-min=12.1 -MD -MT CMakeFiles/cmTC_6d04a.dir/SIZEOF_ULONG.c.o -MF CMakeFiles/cmTC_6d04a.dir/SIZEOF_ULONG.c.o.d -o CMakeFiles/cmTC_6d04a.dir/SIZEOF_ULONG.c.o -c /Users/cheese/Src/CSrc/mysql-connector-c-6.1.11-src/cmake-build-debug/CMakeFiles/CheckTypeSize/SIZEOF_ULONG.c
/Users/cheese/Src/CSrc/mysql-connector-c-6.1.11-src/cmake-build-debug/CMakeFiles/CheckTypeSize/SIZEOF_ULONG.c:33:12: error: use of undeclared identifier 'ulong'; did you mean 'long'?
  ('0' + ((SIZE / 10000)%10)),
           ^
/Users/cheese/Src/CSrc/mysql-connector-c-6.1.11-src/cmake-build-debug/CMakeFiles/CheckTypeSize/SIZEOF_ULONG.c:31:22: note: expanded from macro 'SIZE'
#define SIZE (sizeof(ulong))
                     ^
/Users/cheese/Src/CSrc/mysql-connector-c-6.1.11-src/cmake-build-debug/CMakeFiles/CheckTypeSize/SIZEOF_ULONG.c:33:12: error: reference to overloaded function could not be resolved; did you mean to call it?
  ('0' + ((SIZE / 10000)%10)),
           ^~~~
/Users/cheese/Src/CSrc/mysql-connector-c-6.1.11-src/cmake-build-debug/CMakeFiles/CheckTypeSize/SIZEOF_ULONG.c:31:21: note: expanded from macro 'SIZE'
#define SIZE (sizeof(ulong))
                    ^~~~~~~
/Users/cheese/Src/CSrc/mysql-connector-c-6.1.11-src/cmake-build-debug/CMakeFiles/CheckTypeSize/SIZEOF_ULONG.c:34:12: error: use of undeclared identifier 'ulong'; did you mean 'long'?
  ('0' + ((SIZE / 1000)%10)),
           ^
/Users/cheese/Src/CSrc/mysql-connector-c-6.1.11-src/cmake-build-debug/CMakeFiles/CheckTypeSize/SIZEOF_ULONG.c:31:22: note: expanded from macro 'SIZE'
#define SIZE (sizeof(ulong))
                     ^
/Users/cheese/Src/CSrc/mysql-connector-c-6.1.11-src/cmake-build-debug/CMakeFiles/CheckTypeSize/SIZEOF_ULONG.c:34:12: error: reference to overloaded function could not be resolved; did you mean to call it?
  ('0' + ((SIZE / 1000)%10)),
           ^~~~
/Users/cheese/Src/CSrc/mysql-connector-c-6.1.11-src/cmake-build-debug/CMakeFiles/CheckTypeSize/SIZEOF_ULONG.c:31:21: note: expanded from macro 'SIZE'
#define SIZE (sizeof(ulong))
                    ^~~~~~~
/Users/cheese/Src/CSrc/mysql-connector-c-6.1.11-src/cmake-build-debug/CMakeFiles/CheckTypeSize/SIZEOF_ULONG.c:35:12: error: use of undeclared identifier 'ulong'; did you mean 'long'?
  ('0' + ((SIZE / 100)%10)),
           ^
/Users/cheese/Src/CSrc/mysql-connector-c-6.1.11-src/cmake-build-debug/CMakeFiles/CheckTypeSize/SIZEOF_ULONG.c:31:22: note: expanded from macro 'SIZE'
#define SIZE (sizeof(ulong))
                     ^
/Users/cheese/Src/CSrc/mysql-connector-c-6.1.11-src/cmake-build-debug/CMakeFiles/CheckTypeSize/SIZEOF_ULONG.c:35:12: error: reference to overloaded function could not be resolved; did you mean to call it?
  ('0' + ((SIZE / 100)%10)),
           ^~~~
/Users/cheese/Src/CSrc/mysql-connector-c-6.1.11-src/cmake-build-debug/CMakeFiles/CheckTypeSize/SIZEOF_ULONG.c:31:21: note: expanded from macro 'SIZE'
#define SIZE (sizeof(ulong))
                    ^~~~~~~
/Users/cheese/Src/CSrc/mysql-connector-c-6.1.11-src/cmake-build-debug/CMakeFiles/CheckTypeSize/SIZEOF_ULONG.c:36:12: error: use of undeclared identifier 'ulong'; did you mean 'long'?
  ('0' + ((SIZE / 10)%10)),
           ^
/Users/cheese/Src/CSrc/mysql-connector-c-6.1.11-src/cmake-build-debug/CMakeFiles/CheckTypeSize/SIZEOF_ULONG.c:31:22: note: expanded from macro 'SIZE'
#define SIZE (sizeof(ulong))
                     ^
/Users/cheese/Src/CSrc/mysql-connector-c-6.1.11-src/cmake-build-debug/CMakeFiles/CheckTypeSize/SIZEOF_ULONG.c:36:12: error: reference to overloaded function could not be resolved; did you mean to call it?
  ('0' + ((SIZE / 10)%10)),
           ^~~~
/Users/cheese/Src/CSrc/mysql-connector-c-6.1.11-src/cmake-build-debug/CMakeFiles/CheckTypeSize/SIZEOF_ULONG.c:31:21: note: expanded from macro 'SIZE'
#define SIZE (sizeof(ulong))
                    ^~~~~~~
/Users/cheese/Src/CSrc/mysql-connector-c-6.1.11-src/cmake-build-debug/CMakeFiles/CheckTypeSize/SIZEOF_ULONG.c:37:12: error: use of undeclared identifier 'ulong'; did you mean 'long'?
  ('0' +  (SIZE    % 10)),
           ^
/Users/cheese/Src/CSrc/mysql-connector-c-6.1.11-src/cmake-build-debug/CMakeFiles/CheckTypeSize/SIZEOF_ULONG.c:31:22: note: expanded from macro 'SIZE'
#define SIZE (sizeof(ulong))
                     ^
/Users/cheese/Src/CSrc/mysql-connector-c-6.1.11-src/cmake-build-debug/CMakeFiles/CheckTypeSize/SIZEOF_ULONG.c:37:12: error: reference to overloaded function could not be resolved; did you mean to call it?
  ('0' +  (SIZE    % 10)),
           ^~~~
/Users/cheese/Src/CSrc/mysql-connector-c-6.1.11-src/cmake-build-debug/CMakeFiles/CheckTypeSize/SIZEOF_ULONG.c:31:21: note: expanded from macro 'SIZE'
#define SIZE (sizeof(ulong))
                    ^~~~~~~
10 errors generated.
ninja: build stopped: subcommand failed.


/Users/cheese/Src/CSrc/mysql-connector-c-6.1.11-src/cmake-build-debug/CMakeFiles/CheckTypeSize/SIZEOF_ULONG.c:
#include <sys/types.h>
#include <stdint.h>
#include <stddef.h>
#include "stdint.h"
#include "stdio.h"
#include "sys/types.h"
#include "time.h"


#undef KEY
#if defined(__i386)
# define KEY '_','_','i','3','8','6'
#elif defined(__x86_64)
# define KEY '_','_','x','8','6','_','6','4'
#elif defined(__PPC64__)
# define KEY '_','_','P','P','C','6','4','_','_'
#elif defined(__ppc64__)
# define KEY '_','_','p','p','c','6','4','_','_'
#elif defined(__PPC__)
# define KEY '_','_','P','P','C','_','_'
#elif defined(__ppc__)
# define KEY '_','_','p','p','c','_','_'
#elif defined(__aarch64__)
# define KEY '_','_','a','a','r','c','h','6','4','_','_'
#elif defined(__ARM_ARCH_7A__)
# define KEY '_','_','A','R','M','_','A','R','C','H','_','7','A','_','_'
#elif defined(__ARM_ARCH_7S__)
# define KEY '_','_','A','R','M','_','A','R','C','H','_','7','S','_','_'
#endif

#define SIZE (sizeof(ulong))
static char info_size[] =  {'I', 'N', 'F', 'O', ':', 's','i','z','e','[',
  ('0' + ((SIZE / 10000)%10)),
  ('0' + ((SIZE / 1000)%10)),
  ('0' + ((SIZE / 100)%10)),
  ('0' + ((SIZE / 10)%10)),
  ('0' +  (SIZE    % 10)),
  ']',
#ifdef KEY
  ' ','k','e','y','[', KEY, ']',
#endif
  '\0'};

#ifdef __CLASSIC_C__
int main(argc, argv) int argc; char *argv[];
#else
int main(int argc, char *argv[])
#endif
{
  int require = 0;
  require += info_size[argc];
  (void)argv;
  return require;
}


Performing C SOURCE FILE Test HAVE_FAKE_PAUSE_INSTRUCTION failed with the following output:
Change Dir: /Users/cheese/Src/CSrc/mysql-connector-c-6.1.11-src/cmake-build-debug/CMakeFiles/CMakeTmp

Run Build Command(s):/Applications/CLion.app/Contents/bin/ninja/mac/ninja cmTC_bef49 && [1/2] Building C object CMakeFiles/cmTC_bef49.dir/src.c.o
FAILED: CMakeFiles/cmTC_bef49.dir/src.c.o 
/Library/Developer/CommandLineTools/usr/bin/cc -DHAVE_FAKE_PAUSE_INSTRUCTION -D_FILE_OFFSET_BITS=64 -D_LARGEFILE_SOURCE -D_LARGE_FILES -D__STDC_CONSTANT_MACROS -D__STDC_FORMAT_MACROS -D__STDC_LIMIT_MACROS  -arch arm64 -isysroot /Library/Developer/CommandLineTools/SDKs/MacOSX12.3.sdk -mmacosx-version-min=12.1 -MD -MT CMakeFiles/cmTC_bef49.dir/src.c.o -MF CMakeFiles/cmTC_bef49.dir/src.c.o.d -o CMakeFiles/cmTC_bef49.dir/src.c.o -c /Users/cheese/Src/CSrc/mysql-connector-c-6.1.11-src/cmake-build-debug/CMakeFiles/CMakeTmp/src.c
/Users/cheese/Src/CSrc/mysql-connector-c-6.1.11-src/cmake-build-debug/CMakeFiles/CMakeTmp/src.c:4:28: error: unrecognized instruction mnemonic, did you mean: ret, rev?
     __asm__ __volatile__ ("rep; nop");
                           ^
<inline asm>:1:2: note: instantiated into assembly here
        rep; nop
        ^
1 error generated.
ninja: build stopped: subcommand failed.


Source file was:

    int main()
    {
     __asm__ __volatile__ ("rep; nop");
     return 0;
    }
   
Performing C SOURCE FILE Test HAVE_HMT_PRIORITY_INSTRUCTION failed with the following output:
Change Dir: /Users/cheese/Src/CSrc/mysql-connector-c-6.1.11-src/cmake-build-debug/CMakeFiles/CMakeTmp

Run Build Command(s):/Applications/CLion.app/Contents/bin/ninja/mac/ninja cmTC_04c39 && [1/2] Building C object CMakeFiles/cmTC_04c39.dir/src.c.o
FAILED: CMakeFiles/cmTC_04c39.dir/src.c.o 
/Library/Developer/CommandLineTools/usr/bin/cc -DHAVE_HMT_PRIORITY_INSTRUCTION -D_FILE_OFFSET_BITS=64 -D_LARGEFILE_SOURCE -D_LARGE_FILES -D__STDC_CONSTANT_MACROS -D__STDC_FORMAT_MACROS -D__STDC_LIMIT_MACROS  -arch arm64 -isysroot /Library/Developer/CommandLineTools/SDKs/MacOSX12.3.sdk -mmacosx-version-min=12.1 -MD -MT CMakeFiles/cmTC_04c39.dir/src.c.o -MF CMakeFiles/cmTC_04c39.dir/src.c.o.d -o CMakeFiles/cmTC_04c39.dir/src.c.o -c /Users/cheese/Src/CSrc/mysql-connector-c-6.1.11-src/cmake-build-debug/CMakeFiles/CMakeTmp/src.c
/Users/cheese/Src/CSrc/mysql-connector-c-6.1.11-src/cmake-build-debug/CMakeFiles/CMakeTmp/src.c:4:28: error: unrecognized instruction mnemonic, did you mean: br, eor, eor3, orn, orr, ror, rorv?
     __asm__ __volatile__ ("or 1,1,1");
                           ^
<inline asm>:1:2: note: instantiated into assembly here
        or 1,1,1
        ^
/Users/cheese/Src/CSrc/mysql-connector-c-6.1.11-src/cmake-build-debug/CMakeFiles/CMakeTmp/src.c:5:28: error: unrecognized instruction mnemonic, did you mean: br, eor, eor3, orn, orr, ror, rorv?
     __asm__ __volatile__ ("or 2,2,2");
                           ^
<inline asm>:1:2: note: instantiated into assembly here
        or 2,2,2
        ^
2 errors generated.
ninja: build stopped: subcommand failed.


Source file was:

    int main()
    {
     __asm__ __volatile__ ("or 1,1,1");
     __asm__ __volatile__ ("or 2,2,2");
     return 0;
    }
    
Performing C SOURCE FILE Test HAVE_BSS_START failed with the following output:
Change Dir: /Users/cheese/Src/CSrc/mysql-connector-c-6.1.11-src/cmake-build-debug/CMakeFiles/CMakeTmp

Run Build Command(s):/Applications/CLion.app/Contents/bin/ninja/mac/ninja cmTC_c6812 && [1/2] Building C object CMakeFiles/cmTC_c6812.dir/src.c.o
[2/2] Linking C executable cmTC_c6812
FAILED: cmTC_c6812 
: && /Library/Developer/CommandLineTools/usr/bin/cc -arch arm64 -isysroot /Library/Developer/CommandLineTools/SDKs/MacOSX12.3.sdk -mmacosx-version-min=12.1 -Wl,-search_paths_first -Wl,-headerpad_max_install_names  CMakeFiles/cmTC_c6812.dir/src.c.o -o cmTC_c6812   && :
Undefined symbols for architecture arm64:
  "___bss_start", referenced from:
      _main in src.c.o
ld: symbol(s) not found for architecture arm64
clang: error: linker command failed with exit code 1 (use -v to see invocation)
ninja: build stopped: subcommand failed.


Source file was:

  int main(int argc, char **argv) 
  {
    extern char *__bss_start;
    return __bss_start ? 1 : 0;
  }
Determining if the include file netinet/in6.h exists failed with the following output:
Change Dir: /Users/cheese/Src/CSrc/mysql-connector-c-6.1.11-src/cmake-build-debug/CMakeFiles/CMakeTmp

Run Build Command(s):/Applications/CLion.app/Contents/bin/ninja/mac/ninja cmTC_21599 && [1/2] Building C object CMakeFiles/cmTC_21599.dir/CheckIncludeFile.c.o
FAILED: CMakeFiles/cmTC_21599.dir/CheckIncludeFile.c.o 
/Library/Developer/CommandLineTools/usr/bin/cc -D_FILE_OFFSET_BITS=64 -D_LARGEFILE_SOURCE -D_LARGE_FILES -D__STDC_CONSTANT_MACROS -D__STDC_FORMAT_MACROS -D__STDC_LIMIT_MACROS  -arch arm64 -isysroot /Library/Developer/CommandLineTools/SDKs/MacOSX12.3.sdk -mmacosx-version-min=12.1 -MD -MT CMakeFiles/cmTC_21599.dir/CheckIncludeFile.c.o -MF CMakeFiles/cmTC_21599.dir/CheckIncludeFile.c.o.d -o CMakeFiles/cmTC_21599.dir/CheckIncludeFile.c.o -c /Users/cheese/Src/CSrc/mysql-connector-c-6.1.11-src/cmake-build-debug/CMakeFiles/CMakeTmp/CheckIncludeFile.c
/Users/cheese/Src/CSrc/mysql-connector-c-6.1.11-src/cmake-build-debug/CMakeFiles/CMakeTmp/CheckIncludeFile.c:1:10: fatal error: 'netinet/in6.h' file not found
#include <netinet/in6.h>
         ^~~~~~~~~~~~~~~
1 error generated.
ninja: build stopped: subcommand failed.



Performing C++ SOURCE FILE Test HAVE_IMPLICIT_DEPENDENT_NAME_TYPING failed with the following output:
Change Dir: /Users/cheese/Src/CSrc/mysql-connector-c-6.1.11-src/cmake-build-debug/CMakeFiles/CMakeTmp

Run Build Command(s):/Applications/CLion.app/Contents/bin/ninja/mac/ninja cmTC_6ff2b && [1/2] Building CXX object CMakeFiles/cmTC_6ff2b.dir/src.cxx.o
FAILED: CMakeFiles/cmTC_6ff2b.dir/src.cxx.o 
/Library/Developer/CommandLineTools/usr/bin/c++ -DHAVE_IMPLICIT_DEPENDENT_NAME_TYPING -D_FILE_OFFSET_BITS=64 -D_LARGEFILE_SOURCE -D_LARGE_FILES -D__STDC_CONSTANT_MACROS -D__STDC_FORMAT_MACROS -D__STDC_LIMIT_MACROS  -arch arm64 -isysroot /Library/Developer/CommandLineTools/SDKs/MacOSX12.3.sdk -mmacosx-version-min=12.1 -MD -MT CMakeFiles/cmTC_6ff2b.dir/src.cxx.o -MF CMakeFiles/cmTC_6ff2b.dir/src.cxx.o.d -o CMakeFiles/cmTC_6ff2b.dir/src.cxx.o -c /Users/cheese/Src/CSrc/mysql-connector-c-6.1.11-src/cmake-build-debug/CMakeFiles/CMakeTmp/src.cxx
/Users/cheese/Src/CSrc/mysql-connector-c-6.1.11-src/cmake-build-debug/CMakeFiles/CMakeTmp/src.cxx:15:5: error: missing 'typename' prior to dependent type name 'std::vector<T>::iterator'
    std::vector<T>::iterator itr = vec.begin();
    ^~~~~~~~~~~~~~~~~~~~~~~~
    typename 
1 error generated.
ninja: build stopped: subcommand failed.


Source file was:

  #include <vector>
  template<typename T>
  class ct2
  {
  public:
    typedef T type;
    void func();
  };

  template<typename T>
  void ct2<T>::func()
  {
    std::vector<T> vec;
    std::vector<T>::iterator itr = vec.begin();
  }

  int main(int argc, char **argv)
  {
    ct2<double> o2;
    o2.func();
    return 0;
  }
  
Determining if files numaif.h exist failed with the following output:
Change Dir: /Users/cheese/Src/CSrc/mysql-connector-c-6.1.11-src/cmake-build-debug/CMakeFiles/CMakeTmp

Run Build Command(s):/Applications/CLion.app/Contents/bin/ninja/mac/ninja cmTC_7893a && [1/2] Building C object CMakeFiles/cmTC_7893a.dir/HAVE_NUMAIF_H.c.o
FAILED: CMakeFiles/cmTC_7893a.dir/HAVE_NUMAIF_H.c.o 
/Library/Developer/CommandLineTools/usr/bin/cc -D_FILE_OFFSET_BITS=64 -D_LARGEFILE_SOURCE -D_LARGE_FILES -D__STDC_CONSTANT_MACROS -D__STDC_FORMAT_MACROS -D__STDC_LIMIT_MACROS  -arch arm64 -isysroot /Library/Developer/CommandLineTools/SDKs/MacOSX12.3.sdk -mmacosx-version-min=12.1 -MD -MT CMakeFiles/cmTC_7893a.dir/HAVE_NUMAIF_H.c.o -MF CMakeFiles/cmTC_7893a.dir/HAVE_NUMAIF_H.c.o.d -o CMakeFiles/cmTC_7893a.dir/HAVE_NUMAIF_H.c.o -c /Users/cheese/Src/CSrc/mysql-connector-c-6.1.11-src/cmake-build-debug/CMakeFiles/CheckIncludeFiles/HAVE_NUMAIF_H.c
/Users/cheese/Src/CSrc/mysql-connector-c-6.1.11-src/cmake-build-debug/CMakeFiles/CheckIncludeFiles/HAVE_NUMAIF_H.c:2:10: fatal error: 'numaif.h' file not found
#include <numaif.h>
         ^~~~~~~~~~
1 error generated.
ninja: build stopped: subcommand failed.


Source:
/* */
#include <numaif.h>


int main(void){return 0;}

Determining size of socklen_t failed with the following output:
Change Dir: /Users/cheese/Src/CSrc/mysql-connector-c-6.1.11-src/cmake-build-debug/CMakeFiles/CMakeTmp

Run Build Command(s):/Applications/CLion.app/Contents/bin/ninja/mac/ninja cmTC_f5bed && [1/2] Building C object CMakeFiles/cmTC_f5bed.dir/SIZEOF_SOCKLEN_T.c.o
FAILED: CMakeFiles/cmTC_f5bed.dir/SIZEOF_SOCKLEN_T.c.o 
/Library/Developer/CommandLineTools/usr/bin/cc -D_FILE_OFFSET_BITS=64 -D_LARGEFILE_SOURCE -D_LARGE_FILES -D__STDC_CONSTANT_MACROS -D__STDC_FORMAT_MACROS -D__STDC_LIMIT_MACROS  -arch arm64 -isysroot /Library/Developer/CommandLineTools/SDKs/MacOSX12.3.sdk -mmacosx-version-min=12.1 -MD -MT CMakeFiles/cmTC_f5bed.dir/SIZEOF_SOCKLEN_T.c.o -MF CMakeFiles/cmTC_f5bed.dir/SIZEOF_SOCKLEN_T.c.o.d -o CMakeFiles/cmTC_f5bed.dir/SIZEOF_SOCKLEN_T.c.o -c /Users/cheese/Src/CSrc/mysql-connector-c-6.1.11-src/cmake-build-debug/CMakeFiles/CheckTypeSize/SIZEOF_SOCKLEN_T.c
/Users/cheese/Src/CSrc/mysql-connector-c-6.1.11-src/cmake-build-debug/CMakeFiles/CheckTypeSize/SIZEOF_SOCKLEN_T.c:29:12: error: use of undeclared identifier 'socklen_t'
  ('0' + ((SIZE / 10000)%10)),
           ^
/Users/cheese/Src/CSrc/mysql-connector-c-6.1.11-src/cmake-build-debug/CMakeFiles/CheckTypeSize/SIZEOF_SOCKLEN_T.c:27:22: note: expanded from macro 'SIZE'
#define SIZE (sizeof(socklen_t))
                     ^
/Users/cheese/Src/CSrc/mysql-connector-c-6.1.11-src/cmake-build-debug/CMakeFiles/CheckTypeSize/SIZEOF_SOCKLEN_T.c:30:12: error: use of undeclared identifier 'socklen_t'
  ('0' + ((SIZE / 1000)%10)),
           ^
/Users/cheese/Src/CSrc/mysql-connector-c-6.1.11-src/cmake-build-debug/CMakeFiles/CheckTypeSize/SIZEOF_SOCKLEN_T.c:27:22: note: expanded from macro 'SIZE'
#define SIZE (sizeof(socklen_t))
                     ^
/Users/cheese/Src/CSrc/mysql-connector-c-6.1.11-src/cmake-build-debug/CMakeFiles/CheckTypeSize/SIZEOF_SOCKLEN_T.c:31:12: error: use of undeclared identifier 'socklen_t'
  ('0' + ((SIZE / 100)%10)),
           ^
/Users/cheese/Src/CSrc/mysql-connector-c-6.1.11-src/cmake-build-debug/CMakeFiles/CheckTypeSize/SIZEOF_SOCKLEN_T.c:27:22: note: expanded from macro 'SIZE'
#define SIZE (sizeof(socklen_t))
                     ^
/Users/cheese/Src/CSrc/mysql-connector-c-6.1.11-src/cmake-build-debug/CMakeFiles/CheckTypeSize/SIZEOF_SOCKLEN_T.c:32:12: error: use of undeclared identifier 'socklen_t'
  ('0' + ((SIZE / 10)%10)),
           ^
/Users/cheese/Src/CSrc/mysql-connector-c-6.1.11-src/cmake-build-debug/CMakeFiles/CheckTypeSize/SIZEOF_SOCKLEN_T.c:27:22: note: expanded from macro 'SIZE'
#define SIZE (sizeof(socklen_t))
                     ^
/Users/cheese/Src/CSrc/mysql-connector-c-6.1.11-src/cmake-build-debug/CMakeFiles/CheckTypeSize/SIZEOF_SOCKLEN_T.c:33:12: error: use of undeclared identifier 'socklen_t'
  ('0' +  (SIZE    % 10)),
           ^
/Users/cheese/Src/CSrc/mysql-connector-c-6.1.11-src/cmake-build-debug/CMakeFiles/CheckTypeSize/SIZEOF_SOCKLEN_T.c:27:22: note: expanded from macro 'SIZE'
#define SIZE (sizeof(socklen_t))
                     ^
5 errors generated.
ninja: build stopped: subcommand failed.


/Users/cheese/Src/CSrc/mysql-connector-c-6.1.11-src/cmake-build-debug/CMakeFiles/CheckTypeSize/SIZEOF_SOCKLEN_T.c:
#include <sys/types.h>
#include <stdint.h>
#include <stddef.h>


#undef KEY
#if defined(__i386)
# define KEY '_','_','i','3','8','6'
#elif defined(__x86_64)
# define KEY '_','_','x','8','6','_','6','4'
#elif defined(__PPC64__)
# define KEY '_','_','P','P','C','6','4','_','_'
#elif defined(__ppc64__)
# define KEY '_','_','p','p','c','6','4','_','_'
#elif defined(__PPC__)
# define KEY '_','_','P','P','C','_','_'
#elif defined(__ppc__)
# define KEY '_','_','p','p','c','_','_'
#elif defined(__aarch64__)
# define KEY '_','_','a','a','r','c','h','6','4','_','_'
#elif defined(__ARM_ARCH_7A__)
# define KEY '_','_','A','R','M','_','A','R','C','H','_','7','A','_','_'
#elif defined(__ARM_ARCH_7S__)
# define KEY '_','_','A','R','M','_','A','R','C','H','_','7','S','_','_'
#endif

#define SIZE (sizeof(socklen_t))
static char info_size[] =  {'I', 'N', 'F', 'O', ':', 's','i','z','e','[',
  ('0' + ((SIZE / 10000)%10)),
  ('0' + ((SIZE / 1000)%10)),
  ('0' + ((SIZE / 100)%10)),
  ('0' + ((SIZE / 10)%10)),
  ('0' +  (SIZE    % 10)),
  ']',
#ifdef KEY
  ' ','k','e','y','[', KEY, ']',
#endif
  '\0'};

#ifdef __CLASSIC_C__
int main(argc, argv) int argc; char *argv[];
#else
int main(int argc, char *argv[])
#endif
{
  int require = 0;
  require += info_size[argc];
  (void)argv;
  return require;
}


